<?xml version="1.0" encoding="UTF-8"?>
<!-- Generated by org.testng.reporters.JUnitReportReporter -->
<testsuite hostname="DESKTOP-B961A44" failures="0" tests="2" name="cucumber.TestNGTestRunner" time="26.257" errors="0" timestamp="2025-06-11T18:35:03 GMT-04:00" skipped="0">
  <testcase classname="cucumber.TestNGTestRunner" name="runScenario" time="12.950"/>
  <testcase classname="cucumber.TestNGTestRunner" name="runScenario" time="13.307"/>
</testsuite> <!-- cucumber.TestNGTestRunner -->
