<?xml version="1.0" encoding="UTF-8"?>
<!-- Generated by org.testng.reporters.JUnitReportReporter -->
<testsuite hostname="DESKTOP-B961A44" failures="0" tests="3" name="Practice.SeleniumFrameworkDesign.SubmitOrderTest" time="38.988" errors="0" timestamp="2025-06-08T15:15:53 GMT-04:00" skipped="0">
  <testcase classname="Practice.SeleniumFrameworkDesign.SubmitOrderTest" name="OrderHistoryTest" time="6.181"/>
  <testcase classname="Practice.SeleniumFrameworkDesign.SubmitOrderTest" name="submitOrder" time="10.958"/>
  <testcase classname="Practice.SeleniumFrameworkDesign.SubmitOrderTest" name="submitOrder" time="21.849"/>
</testsuite> <!-- Practice.SeleniumFrameworkDesign.SubmitOrderTest -->
