<?xml version="1.0" encoding="UTF-8"?>
<!-- Generated by org.testng.reporters.JUnitReportReporter -->
<testsuite hostname="DESKTOP-B961A44" failures="0" tests="1" name="Practice.SeleniumFrameworkDesign.ErrorValidations" time="7.870" errors="0" timestamp="2025-06-06T15:41:35 GMT-04:00" skipped="0">
  <testcase classname="Practice.SeleniumFrameworkDesign.ErrorValidations" name="submitOrder" time="7.870"/>
</testsuite> <!-- Practice.SeleniumFrameworkDesign.ErrorValidations -->
