<?xml version="1.0" encoding="UTF-8"?>
<!-- Generated by org.testng.reporters.JUnitReportReporter -->
<testsuite hostname="DESKTOP-B961A44" failures="0" tests="2" name="cucumber.TestNGTestRunner" time="25.090" errors="0" timestamp="2025-06-11T19:05:02 GMT-04:00" skipped="0">
  <testcase classname="cucumber.TestNGTestRunner" name="runScenario" time="13.098"/>
  <testcase classname="cucumber.TestNGTestRunner" name="runScenario" time="11.992"/>
</testsuite> <!-- cucumber.TestNGTestRunner -->
