<?xml version="1.0" encoding="UTF-8"?>
<!-- Generated by org.testng.reporters.JUnitReportReporter -->
<testsuite hostname="DESKTOP-B961A44" failures="0" tests="3" name="Practice.SeleniumFrameworkDesign.SubmitOrderTest" time="28.756" errors="0" timestamp="2025-06-11T18:59:15 GMT-04:00" skipped="0">
  <testcase classname="Practice.SeleniumFrameworkDesign.SubmitOrderTest" name="submitOrder" time="10.984"/>
  <testcase classname="Practice.SeleniumFrameworkDesign.SubmitOrderTest" name="submitOrder" time="11.273"/>
  <testcase classname="Practice.SeleniumFrameworkDesign.SubmitOrderTest" name="OrderHistoryTest" time="6.499"/>
</testsuite> <!-- Practice.SeleniumFrameworkDesign.SubmitOrderTest -->
