<?xml version="1.0" encoding="UTF-8"?>
<!-- Generated by org.testng.reporters.JUnitReportReporter -->
<testsuite hostname="DESKTOP-B961A44" failures="0" tests="2" name="Practice.SeleniumFrameworkDesign.ErrorValidationsTest" time="16.177" errors="0" timestamp="2025-06-11T18:59:15 GMT-04:00" skipped="0">
  <testcase classname="Practice.SeleniumFrameworkDesign.ErrorValidationsTest" name="LoginErrorValidation" time="6.263"/>
  <testcase classname="Practice.SeleniumFrameworkDesign.ErrorValidationsTest" name="ProductErrorValidation" time="9.914"/>
</testsuite> <!-- Practice.SeleniumFrameworkDesign.ErrorValidationsTest -->
